[2021-02-17 18:42:07] app.INFO: Protect vendor folder in module contactform [] []
[2021-02-17 18:42:07] app.INFO: Module contactform has no vendor folder [] []
[2021-02-17 18:42:07] app.INFO: Protect vendor folder in module dashactivity [] []
[2021-02-17 18:42:07] app.INFO: Module dashactivity has no vendor folder [] []
[2021-02-17 18:42:08] app.INFO: Protect vendor folder in module dashgoals [] []
[2021-02-17 18:42:08] app.INFO: Module dashgoals has no vendor folder [] []
[2021-02-17 18:42:08] app.INFO: Protect vendor folder in module dashproducts [] []
[2021-02-17 18:42:08] app.INFO: Module dashproducts has no vendor folder [] []
[2021-02-17 18:42:08] app.INFO: Protect vendor folder in module dashtrends [] []
[2021-02-17 18:42:08] app.INFO: Module dashtrends has no vendor folder [] []
[2021-02-17 18:42:08] app.INFO: Protect vendor folder in module graphnvd3 [] []
[2021-02-17 18:42:08] app.INFO: Module graphnvd3 has no vendor folder [] []
[2021-02-17 18:42:08] app.INFO: Protect vendor folder in module gridhtml [] []
[2021-02-17 18:42:08] app.INFO: Module gridhtml has no vendor folder [] []
[2021-02-17 18:42:08] app.INFO: Protect vendor folder in module gsitemap [] []
[2021-02-17 18:42:08] app.INFO: Module gsitemap has no vendor folder [] []
[2021-02-17 18:42:08] app.INFO: Protect vendor folder in module pagesnotfound [] []
[2021-02-17 18:42:08] app.INFO: Module pagesnotfound has no vendor folder [] []
[2021-02-17 18:42:08] app.INFO: Protect vendor folder in module productcomments [] []
[2021-02-17 18:42:08] app.INFO: Module productcomments has no vendor folder [] []
[2021-02-17 18:42:08] app.INFO: Protect vendor folder in module ps_banner [] []
[2021-02-17 18:42:08] app.INFO: Module ps_banner has no vendor folder [] []
[2021-02-17 18:42:08] app.INFO: Protect vendor folder in module ps_categorytree [] []
[2021-02-17 18:42:08] app.INFO: Module ps_categorytree has no vendor folder [] []
[2021-02-17 18:42:08] app.INFO: Protect vendor folder in module ps_checkpayment [] []
[2021-02-17 18:42:08] app.INFO: Module ps_checkpayment has no vendor folder [] []
[2021-02-17 18:42:08] app.INFO: Protect vendor folder in module ps_contactinfo [] []
[2021-02-17 18:42:08] app.INFO: Module ps_contactinfo has no vendor folder [] []
[2021-02-17 18:42:08] app.INFO: Protect vendor folder in module ps_crossselling [] []
[2021-02-17 18:42:08] app.INFO: Module ps_crossselling has no vendor folder [] []
[2021-02-17 18:42:08] app.INFO: Protect vendor folder in module ps_currencyselector [] []
[2021-02-17 18:42:08] app.INFO: Module ps_currencyselector has no vendor folder [] []
[2021-02-17 18:42:08] app.INFO: Protect vendor folder in module ps_customeraccountlinks [] []
[2021-02-17 18:42:08] app.INFO: Module ps_customeraccountlinks has no vendor folder [] []
[2021-02-17 18:42:08] app.INFO: Protect vendor folder in module ps_customersignin [] []
[2021-02-17 18:42:08] app.INFO: Module ps_customersignin has no vendor folder [] []
[2021-02-17 18:42:08] app.INFO: Protect vendor folder in module ps_customtext [] []
[2021-02-17 18:42:08] app.INFO: Module ps_customtext has no vendor folder [] []
[2021-02-17 18:42:08] app.INFO: Protect vendor folder in module ps_dataprivacy [] []
[2021-02-17 18:42:08] app.INFO: Module ps_dataprivacy has no vendor folder [] []
[2021-02-17 18:42:09] app.INFO: Protect vendor folder in module ps_emailsubscription [] []
[2021-02-17 18:42:09] app.INFO: Module ps_emailsubscription has no vendor folder [] []
[2021-02-17 18:42:09] app.INFO: Protect vendor folder in module ps_facetedsearch [] []
[2021-02-17 18:42:09] app.INFO: Module ps_facetedsearch has no vendor folder [] []
[2021-02-17 18:42:09] app.INFO: Protect vendor folder in module ps_faviconnotificationbo [] []
[2021-02-17 18:42:09] app.INFO: Module ps_faviconnotificationbo has no vendor folder [] []
[2021-02-17 18:42:09] app.INFO: Protect vendor folder in module ps_featuredproducts [] []
[2021-02-17 18:42:09] app.INFO: Module ps_featuredproducts has no vendor folder [] []
[2021-02-17 18:42:09] app.INFO: Protect vendor folder in module ps_imageslider [] []
[2021-02-17 18:42:09] app.INFO: Module ps_imageslider has no vendor folder [] []
[2021-02-17 18:42:09] app.INFO: Protect vendor folder in module ps_languageselector [] []
[2021-02-17 18:42:09] app.INFO: Module ps_languageselector has no vendor folder [] []
[2021-02-17 18:42:09] app.INFO: Protect vendor folder in module ps_linklist [] []
[2021-02-17 18:42:09] app.INFO: Module ps_linklist has no vendor folder [] []
[2021-02-17 18:42:09] app.ERROR: Cannot register tab "AdminLinkWidget" because it already exists [] []
[2021-02-17 18:42:09] app.INFO: Protect vendor folder in module ps_mainmenu [] []
[2021-02-17 18:42:09] app.INFO: Module ps_mainmenu has no vendor folder [] []
[2021-02-17 18:42:09] app.INFO: Protect vendor folder in module ps_searchbar [] []
[2021-02-17 18:42:09] app.INFO: Module ps_searchbar has no vendor folder [] []
[2021-02-17 18:42:09] app.INFO: Protect vendor folder in module ps_sharebuttons [] []
[2021-02-17 18:42:09] app.INFO: Module ps_sharebuttons has no vendor folder [] []
[2021-02-17 18:42:09] app.INFO: Protect vendor folder in module ps_shoppingcart [] []
[2021-02-17 18:42:09] app.INFO: Module ps_shoppingcart has no vendor folder [] []
[2021-02-17 18:42:09] app.INFO: Protect vendor folder in module ps_socialfollow [] []
[2021-02-17 18:42:09] app.INFO: Module ps_socialfollow has no vendor folder [] []
[2021-02-17 18:42:09] app.INFO: Protect vendor folder in module ps_themecusto [] []
[2021-02-17 18:42:09] app.INFO: Module ps_themecusto has no vendor folder [] []
[2021-02-17 18:42:10] app.INFO: Protect vendor folder in module ps_wirepayment [] []
[2021-02-17 18:42:10] app.INFO: Module ps_wirepayment has no vendor folder [] []
[2021-02-17 18:42:10] app.INFO: Protect vendor folder in module sekeywords [] []
[2021-02-17 18:42:10] app.INFO: Module sekeywords has no vendor folder [] []
[2021-02-17 18:42:10] app.INFO: Protect vendor folder in module statsbestcategories [] []
[2021-02-17 18:42:10] app.INFO: Module statsbestcategories has no vendor folder [] []
[2021-02-17 18:42:10] app.INFO: Protect vendor folder in module statsbestcustomers [] []
[2021-02-17 18:42:10] app.INFO: Module statsbestcustomers has no vendor folder [] []
[2021-02-17 18:42:10] app.INFO: Protect vendor folder in module statsbestproducts [] []
[2021-02-17 18:42:10] app.INFO: Module statsbestproducts has no vendor folder [] []
[2021-02-17 18:42:10] app.INFO: Protect vendor folder in module statsbestsuppliers [] []
[2021-02-17 18:42:10] app.INFO: Module statsbestsuppliers has no vendor folder [] []
[2021-02-17 18:42:10] app.INFO: Protect vendor folder in module statsbestvouchers [] []
[2021-02-17 18:42:10] app.INFO: Module statsbestvouchers has no vendor folder [] []
[2021-02-17 18:42:10] app.INFO: Protect vendor folder in module statscarrier [] []
[2021-02-17 18:42:10] app.INFO: Module statscarrier has no vendor folder [] []
[2021-02-17 18:42:10] app.INFO: Protect vendor folder in module statscatalog [] []
[2021-02-17 18:42:10] app.INFO: Module statscatalog has no vendor folder [] []
[2021-02-17 18:42:10] app.INFO: Protect vendor folder in module statscheckup [] []
[2021-02-17 18:42:10] app.INFO: Module statscheckup has no vendor folder [] []
[2021-02-17 18:42:10] app.INFO: Protect vendor folder in module statsdata [] []
[2021-02-17 18:42:10] app.INFO: Module statsdata has no vendor folder [] []
[2021-02-17 18:42:10] app.INFO: Protect vendor folder in module statsequipment [] []
[2021-02-17 18:42:10] app.INFO: Module statsequipment has no vendor folder [] []
[2021-02-17 18:42:10] app.INFO: Protect vendor folder in module statsforecast [] []
[2021-02-17 18:42:10] app.INFO: Module statsforecast has no vendor folder [] []
[2021-02-17 18:42:10] app.INFO: Protect vendor folder in module statslive [] []
[2021-02-17 18:42:10] app.INFO: Module statslive has no vendor folder [] []
[2021-02-17 18:42:10] app.INFO: Protect vendor folder in module statsnewsletter [] []
[2021-02-17 18:42:10] app.INFO: Module statsnewsletter has no vendor folder [] []
[2021-02-17 18:42:10] app.INFO: Protect vendor folder in module statsorigin [] []
[2021-02-17 18:42:10] app.INFO: Module statsorigin has no vendor folder [] []
[2021-02-17 18:42:10] app.INFO: Protect vendor folder in module statspersonalinfos [] []
[2021-02-17 18:42:10] app.INFO: Module statspersonalinfos has no vendor folder [] []
[2021-02-17 18:42:10] app.INFO: Protect vendor folder in module statsproduct [] []
[2021-02-17 18:42:10] app.INFO: Module statsproduct has no vendor folder [] []
[2021-02-17 18:42:10] app.INFO: Protect vendor folder in module statsregistrations [] []
[2021-02-17 18:42:10] app.INFO: Module statsregistrations has no vendor folder [] []
[2021-02-17 18:42:10] app.INFO: Protect vendor folder in module statssales [] []
[2021-02-17 18:42:10] app.INFO: Module statssales has no vendor folder [] []
[2021-02-17 18:42:10] app.INFO: Protect vendor folder in module statssearch [] []
[2021-02-17 18:42:10] app.INFO: Module statssearch has no vendor folder [] []
[2021-02-17 18:42:10] app.INFO: Protect vendor folder in module statsstock [] []
[2021-02-17 18:42:10] app.INFO: Module statsstock has no vendor folder [] []
[2021-02-17 18:42:10] app.INFO: Protect vendor folder in module statsvisits [] []
[2021-02-17 18:42:10] app.INFO: Module statsvisits has no vendor folder [] []
[2021-02-17 18:42:10] app.INFO: Protect vendor folder in module welcome [] []
[2021-02-17 18:42:10] app.INFO: Module welcome has no vendor folder [] []
[2021-02-17 18:42:11] app.INFO: Exporting mail with theme modern for language English (English) [] []
[2021-02-17 18:42:11] app.INFO: Core output folder: /home/codeoperativeco/prestaoperative/mails [] []
[2021-02-17 18:42:11] app.INFO: Modules output folder: /home/codeoperativeco/prestaoperative/modules/ [] []
[2021-02-17 18:42:11] app.INFO: Exporting mail with theme modern for language English GB (English) [] []
[2021-02-17 18:42:11] app.INFO: Core output folder: /home/codeoperativeco/prestaoperative/mails [] []
[2021-02-17 18:42:11] app.INFO: Modules output folder: /home/codeoperativeco/prestaoperative/modules/ [] []
[2021-03-09 21:13:52] request.INFO: Matched route "admin_module_manage_action". {"route":"admin_module_manage_action","route_parameters":{"_controller":"PrestaShopBundle\\Controller\\Admin\\Improve\\ModuleController::moduleAction","action":"upgrade","module_name":"paypal","_route":"admin_module_manage_action"},"request_uri":"https://reusenetwork.code-operative.co.uk/admin4047wicsx/index.php/improve/modules/manage/action/upgrade/paypal?_token=Q68Z-UypFbHlgghFCmJgJEqBNzVhFUlsVoGhHdHv4nQ","method":"POST"} []
[2021-03-09 21:13:52] security.DEBUG: Read existing security token from the session. {"key":"_security_main","token_class":"Symfony\\Component\\Security\\Core\\Authentication\\Token\\UsernamePasswordToken"} []
[2021-03-09 21:13:52] security.DEBUG: User was reloaded from a user provider. {"provider":"PrestaShopBundle\\Security\\Admin\\EmployeeProvider","username":"contact@code-operative.co.uk"} []
[2021-03-09 21:13:54] request.CRITICAL: Uncaught PHP Exception Symfony\Component\Debug\Exception\FatalThrowableError: "Parse error: syntax error, unexpected '-', expecting '{'" at /home/codeoperativeco/prestaoperative/modules/codeop-calculate-distance/codeop-calculate-distance.php line 31 {"exception":"[object] (Symfony\\Component\\Debug\\Exception\\FatalThrowableError(code: 0): Parse error: syntax error, unexpected '-', expecting '{' at /home/codeoperativeco/prestaoperative/modules/codeop-calculate-distance/codeop-calculate-distance.php:31)"} []
[2021-03-09 21:13:54] security.DEBUG: Stored the security token in the session. {"key":"_security_main"} []
[2021-03-11 11:45:33] request.INFO: Matched route "admin_module_import". {"route":"admin_module_import","route_parameters":{"module_name":null,"_controller":"PrestaShopBundle\\Controller\\Admin\\Improve\\ModuleController::importModuleAction","_route":"admin_module_import"},"request_uri":"https://reusenetwork.code-operative.co.uk/admin4047wicsx/index.php/improve/modules/import?_token=SC8fS3tNUnm8T6Wy8mKwF7mVhLaOqk2QP8n3tdl0tQM","method":"POST"} []
[2021-03-11 11:45:34] security.DEBUG: Read existing security token from the session. {"key":"_security_main","token_class":"Symfony\\Component\\Security\\Core\\Authentication\\Token\\UsernamePasswordToken"} []
[2021-03-11 11:45:34] security.DEBUG: User was reloaded from a user provider. {"provider":"PrestaShopBundle\\Security\\Admin\\EmployeeProvider","username":"contact@code-operative.co.uk"} []
[2021-03-11 11:45:35] request.CRITICAL: Uncaught PHP Exception Symfony\Component\Debug\Exception\FatalThrowableError: "Parse error: syntax error, unexpected '-', expecting '{'" at /home/codeoperativeco/prestaoperative/modules/codeop-calculate-distance/codeop-calculate-distance.php line 31 {"exception":"[object] (Symfony\\Component\\Debug\\Exception\\FatalThrowableError(code: 0): Parse error: syntax error, unexpected '-', expecting '{' at /home/codeoperativeco/prestaoperative/modules/codeop-calculate-distance/codeop-calculate-distance.php:31)"} []
[2021-03-11 11:45:35] security.DEBUG: Stored the security token in the session. {"key":"_security_main"} []
[2021-03-11 11:45:42] request.INFO: Matched route "admin_module_import". {"route":"admin_module_import","route_parameters":{"module_name":null,"_controller":"PrestaShopBundle\\Controller\\Admin\\Improve\\ModuleController::importModuleAction","_route":"admin_module_import"},"request_uri":"https://reusenetwork.code-operative.co.uk/admin4047wicsx/index.php/improve/modules/import?_token=SC8fS3tNUnm8T6Wy8mKwF7mVhLaOqk2QP8n3tdl0tQM","method":"POST"} []
[2021-03-11 11:45:42] security.DEBUG: Read existing security token from the session. {"key":"_security_main","token_class":"Symfony\\Component\\Security\\Core\\Authentication\\Token\\UsernamePasswordToken"} []
[2021-03-11 11:45:42] security.DEBUG: User was reloaded from a user provider. {"provider":"PrestaShopBundle\\Security\\Admin\\EmployeeProvider","username":"contact@code-operative.co.uk"} []
[2021-03-11 11:45:43] request.CRITICAL: Uncaught PHP Exception Symfony\Component\Debug\Exception\FatalThrowableError: "Parse error: syntax error, unexpected '-', expecting '{'" at /home/codeoperativeco/prestaoperative/modules/codeop-calculate-distance/codeop-calculate-distance.php line 31 {"exception":"[object] (Symfony\\Component\\Debug\\Exception\\FatalThrowableError(code: 0): Parse error: syntax error, unexpected '-', expecting '{' at /home/codeoperativeco/prestaoperative/modules/codeop-calculate-distance/codeop-calculate-distance.php:31)"} []
[2021-03-11 11:45:44] security.DEBUG: Stored the security token in the session. {"key":"_security_main"} []
[2021-03-11 15:50:32] request.CRITICAL: Uncaught PHP Exception Symfony\Component\Debug\Exception\FatalThrowableError: "Parse error: syntax error, unexpected '-', expecting '{'" at /home/codeoperativeco/prestaoperative/modules/codeop-calculate-distance/codeop-calculate-distance.php line 31 {"exception":"[object] (Symfony\\Component\\Debug\\Exception\\FatalThrowableError(code: 0): Parse error: syntax error, unexpected '-', expecting '{' at /home/codeoperativeco/prestaoperative/modules/codeop-calculate-distance/codeop-calculate-distance.php:31)"} []
[2021-03-11 15:50:45] request.CRITICAL: Uncaught PHP Exception Symfony\Component\Debug\Exception\FatalThrowableError: "Parse error: syntax error, unexpected '-', expecting '{'" at /home/codeoperativeco/prestaoperative/modules/codeop-calculate-distance/codeop-calculate-distance.php line 31 {"exception":"[object] (Symfony\\Component\\Debug\\Exception\\FatalThrowableError(code: 0): Parse error: syntax error, unexpected '-', expecting '{' at /home/codeoperativeco/prestaoperative/modules/codeop-calculate-distance/codeop-calculate-distance.php:31)"} []
[2021-03-11 15:50:53] request.CRITICAL: Uncaught PHP Exception Symfony\Component\Debug\Exception\FatalThrowableError: "Parse error: syntax error, unexpected '-', expecting '{'" at /home/codeoperativeco/prestaoperative/modules/codeop-calculate-distance/codeop-calculate-distance.php line 31 {"exception":"[object] (Symfony\\Component\\Debug\\Exception\\FatalThrowableError(code: 0): Parse error: syntax error, unexpected '-', expecting '{' at /home/codeoperativeco/prestaoperative/modules/codeop-calculate-distance/codeop-calculate-distance.php:31)"} []
[2021-03-13 12:18:06] request.CRITICAL: Uncaught PHP Exception Symfony\Component\Debug\Exception\FatalThrowableError: "Parse error: syntax error, unexpected '-', expecting '{'" at /home/codeoperativeco/prestaoperative/modules/codeop-calculate-distance/codeop-calculate-distance.php line 31 {"exception":"[object] (Symfony\\Component\\Debug\\Exception\\FatalThrowableError(code: 0): Parse error: syntax error, unexpected '-', expecting '{' at /home/codeoperativeco/prestaoperative/modules/codeop-calculate-distance/codeop-calculate-distance.php:31)"} []
[2021-03-13 12:19:00] request.CRITICAL: Uncaught PHP Exception Symfony\Component\Debug\Exception\FatalThrowableError: "Parse error: syntax error, unexpected '-', expecting '{'" at /home/codeoperativeco/prestaoperative/modules/codeop-calculate-distance/codeop-calculate-distance.php line 31 {"exception":"[object] (Symfony\\Component\\Debug\\Exception\\FatalThrowableError(code: 0): Parse error: syntax error, unexpected '-', expecting '{' at /home/codeoperativeco/prestaoperative/modules/codeop-calculate-distance/codeop-calculate-distance.php:31)"} []
[2021-03-13 12:52:21] request.CRITICAL: Uncaught PHP Exception Symfony\Component\Debug\Exception\FatalThrowableError: "Parse error: syntax error, unexpected '-', expecting '{'" at /home/codeoperativeco/prestaoperative/modules/codeop-calculate-distance/codeop-calculate-distance.php line 31 {"exception":"[object] (Symfony\\Component\\Debug\\Exception\\FatalThrowableError(code: 0): Parse error: syntax error, unexpected '-', expecting '{' at /home/codeoperativeco/prestaoperative/modules/codeop-calculate-distance/codeop-calculate-distance.php:31)"} []
[2021-03-17 09:57:29] request.ERROR: Uncaught PHP Exception Symfony\Component\HttpKernel\Exception\MethodNotAllowedHttpException: "No route found for "POST /modules/addons/modules/catalog": Method Not Allowed (Allow: GET)" at /home/codeoperativeco/prestaoperative/vendor/symfony/symfony/src/Symfony/Component/HttpKernel/EventListener/RouterListener.php line 141 {"exception":"[object] (Symfony\\Component\\HttpKernel\\Exception\\MethodNotAllowedHttpException(code: 0): No route found for \"POST /modules/addons/modules/catalog\": Method Not Allowed (Allow: GET) at /home/codeoperativeco/prestaoperative/vendor/symfony/symfony/src/Symfony/Component/HttpKernel/EventListener/RouterListener.php:141, Symfony\\Component\\Routing\\Exception\\MethodNotAllowedException(code: 0):  at /home/codeoperativeco/prestaoperative/var/cache/prod/appProdProjectContainerUrlMatcher.php:6526)"} []
[2021-03-31 11:20:37] request.INFO: Matched route "admin_common_notifications". {"route":"admin_common_notifications","route_parameters":{"_controller":"PrestaShopBundle\\Controller\\Admin\\CommonController::notificationsAction","_legacy_controller":"AdminCommon","_legacy_link":"AdminCommon","_route":"admin_common_notifications"},"request_uri":"https://reusenetwork.code-operative.co.uk/admin4047wicsx/index.php/common/notifications?_token=XcqlyOgpe2_YvwoUEWxfYLFmDF0tsMCeIuls7FjJA0A&rand=1617186037242","method":"POST"} []
[2021-03-31 11:20:38] security.INFO: Populated the TokenStorage with an anonymous Token. [] []
[2021-03-31 11:21:39] request.CRITICAL: Uncaught PHP Exception PrestaShopException: "Link to database cannot be established: SQLSTATE[HY000] [2002] Connection refused" at /home/codeoperativeco/prestaoperative/classes/db/DbPDO.php line 136 {"exception":"[object] (PrestaShopException(code: 0): Link to database cannot be established: SQLSTATE[HY000] [2002] Connection refused at /home/codeoperativeco/prestaoperative/classes/db/DbPDO.php:136)"} []
[2021-03-31 11:21:40] security.DEBUG: Stored the security token in the session. {"key":"_security_main"} []
[2021-04-03 11:32:51] request.CRITICAL: Uncaught PHP Exception PrestaShopException: "Link to database cannot be established: SQLSTATE[HY000] [2002] Connection refused" at /home/codeoperativeco/prestaoperative/classes/db/DbPDO.php line 136 {"exception":"[object] (PrestaShopException(code: 0): Link to database cannot be established: SQLSTATE[HY000] [2002] Connection refused at /home/codeoperativeco/prestaoperative/classes/db/DbPDO.php:136)"} []
[2021-04-03 11:32:46] request.INFO: Matched route "admin_common_notifications". {"route":"admin_common_notifications","route_parameters":{"_controller":"PrestaShopBundle\\Controller\\Admin\\CommonController::notificationsAction","_legacy_controller":"AdminCommon","_legacy_link":"AdminCommon","_route":"admin_common_notifications"},"request_uri":"https://reusenetwork.code-operative.co.uk/admin4047wicsx/index.php/common/notifications?_token=K4srmR__KFGACHsMsv6Py7nGUtypgkF2eqnbBptM284&rand=1617445964480","method":"POST"} []
[2021-04-03 11:32:51] security.DEBUG: Read existing security token from the session. {"key":"_security_main","token_class":"Symfony\\Component\\Security\\Core\\Authentication\\Token\\UsernamePasswordToken"} []
[2021-04-03 11:32:51] request.CRITICAL: Uncaught PHP Exception PrestaShopException: "Link to database cannot be established: SQLSTATE[HY000] [2002] Connection refused" at /home/codeoperativeco/prestaoperative/classes/db/DbPDO.php line 136 {"exception":"[object] (PrestaShopException(code: 0): Link to database cannot be established: SQLSTATE[HY000] [2002] Connection refused at /home/codeoperativeco/prestaoperative/classes/db/DbPDO.php:136)"} []
[2021-04-03 11:32:51] request.CRITICAL: Uncaught PHP Exception PrestaShopException: "Link to database cannot be established: SQLSTATE[HY000] [2002] Connection refused" at /home/codeoperativeco/prestaoperative/classes/db/DbPDO.php line 136 {"exception":"[object] (PrestaShopException(code: 0): Link to database cannot be established: SQLSTATE[HY000] [2002] Connection refused at /home/codeoperativeco/prestaoperative/classes/db/DbPDO.php:136)"} []
[2021-04-03 11:32:51] request.CRITICAL: Uncaught PHP Exception PrestaShopException: "Link to database cannot be established: SQLSTATE[HY000] [2002] Connection refused" at /home/codeoperativeco/prestaoperative/classes/db/DbPDO.php line 136 {"exception":"[object] (PrestaShopException(code: 0): Link to database cannot be established: SQLSTATE[HY000] [2002] Connection refused at /home/codeoperativeco/prestaoperative/classes/db/DbPDO.php:136)"} []
[2021-04-03 11:32:51] request.CRITICAL: Uncaught PHP Exception PrestaShopException: "Link to database cannot be established: SQLSTATE[HY000] [2002] Connection refused" at /home/codeoperativeco/prestaoperative/classes/db/DbPDO.php line 136 {"exception":"[object] (PrestaShopException(code: 0): Link to database cannot be established: SQLSTATE[HY000] [2002] Connection refused at /home/codeoperativeco/prestaoperative/classes/db/DbPDO.php:136)"} []
[2021-04-03 11:32:51] request.CRITICAL: Uncaught PHP Exception PrestaShopException: "Link to database cannot be established: SQLSTATE[HY000] [2002] Connection refused" at /home/codeoperativeco/prestaoperative/classes/db/DbPDO.php line 136 {"exception":"[object] (PrestaShopException(code: 0): Link to database cannot be established: SQLSTATE[HY000] [2002] Connection refused at /home/codeoperativeco/prestaoperative/classes/db/DbPDO.php:136)"} []
[2021-04-03 11:32:51] request.CRITICAL: Uncaught PHP Exception PrestaShopException: "Link to database cannot be established: SQLSTATE[HY000] [2002] Connection refused" at /home/codeoperativeco/prestaoperative/classes/db/DbPDO.php line 136 {"exception":"[object] (PrestaShopException(code: 0): Link to database cannot be established: SQLSTATE[HY000] [2002] Connection refused at /home/codeoperativeco/prestaoperative/classes/db/DbPDO.php:136)"} []
[2021-04-03 11:32:51] request.CRITICAL: Uncaught PHP Exception PrestaShopException: "Link to database cannot be established: SQLSTATE[HY000] [2002] Connection refused" at /home/codeoperativeco/prestaoperative/classes/db/DbPDO.php line 136 {"exception":"[object] (PrestaShopException(code: 0): Link to database cannot be established: SQLSTATE[HY000] [2002] Connection refused at /home/codeoperativeco/prestaoperative/classes/db/DbPDO.php:136)"} []
[2021-04-03 11:32:51] request.CRITICAL: Uncaught PHP Exception PrestaShopException: "Link to database cannot be established: SQLSTATE[HY000] [2002] Connection refused" at /home/codeoperativeco/prestaoperative/classes/db/DbPDO.php line 136 {"exception":"[object] (PrestaShopException(code: 0): Link to database cannot be established: SQLSTATE[HY000] [2002] Connection refused at /home/codeoperativeco/prestaoperative/classes/db/DbPDO.php:136)"} []
[2021-04-03 11:32:51] request.CRITICAL: Exception thrown when handling an exception (PrestaShopException: Link to database cannot be established: SQLSTATE[HY000] [2002] Connection refused at /home/codeoperativeco/prestaoperative/classes/db/DbPDO.php line 136) {"exception":"[object] (PrestaShopException(code: 0): Link to database cannot be established: SQLSTATE[HY000] [2002] Connection refused at /home/codeoperativeco/prestaoperative/classes/db/DbPDO.php:136)"} []
[2021-04-03 11:32:51] request.CRITICAL: Exception thrown when handling an exception (PrestaShopException: Link to database cannot be established: SQLSTATE[HY000] [2002] Connection refused at /home/codeoperativeco/prestaoperative/classes/db/DbPDO.php line 136) {"exception":"[object] (PrestaShopException(code: 0): Link to database cannot be established: SQLSTATE[HY000] [2002] Connection refused at /home/codeoperativeco/prestaoperative/classes/db/DbPDO.php:136)"} []
[2021-04-03 11:32:51] request.CRITICAL: Exception thrown when handling an exception (PrestaShopException: Link to database cannot be established: SQLSTATE[HY000] [2002] Connection refused at /home/codeoperativeco/prestaoperative/classes/db/DbPDO.php line 136) {"exception":"[object] (PrestaShopException(code: 0): Link to database cannot be established: SQLSTATE[HY000] [2002] Connection refused at /home/codeoperativeco/prestaoperative/classes/db/DbPDO.php:136)"} []
[2021-04-03 11:32:51] request.CRITICAL: Exception thrown when handling an exception (PrestaShopException: Link to database cannot be established: SQLSTATE[HY000] [2002] Connection refused at /home/codeoperativeco/prestaoperative/classes/db/DbPDO.php line 136) {"exception":"[object] (PrestaShopException(code: 0): Link to database cannot be established: SQLSTATE[HY000] [2002] Connection refused at /home/codeoperativeco/prestaoperative/classes/db/DbPDO.php:136)"} []
[2021-04-03 11:32:51] request.CRITICAL: Exception thrown when handling an exception (PrestaShopException: Link to database cannot be established: SQLSTATE[HY000] [2002] Connection refused at /home/codeoperativeco/prestaoperative/classes/db/DbPDO.php line 136) {"exception":"[object] (PrestaShopException(code: 0): Link to database cannot be established: SQLSTATE[HY000] [2002] Connection refused at /home/codeoperativeco/prestaoperative/classes/db/DbPDO.php:136)"} []
[2021-04-03 11:32:51] request.CRITICAL: Exception thrown when handling an exception (PrestaShopException: Link to database cannot be established: SQLSTATE[HY000] [2002] Connection refused at /home/codeoperativeco/prestaoperative/classes/db/DbPDO.php line 136) {"exception":"[object] (PrestaShopException(code: 0): Link to database cannot be established: SQLSTATE[HY000] [2002] Connection refused at /home/codeoperativeco/prestaoperative/classes/db/DbPDO.php:136)"} []
[2021-04-03 11:32:51] request.CRITICAL: Exception thrown when handling an exception (PrestaShopException: Link to database cannot be established: SQLSTATE[HY000] [2002] Connection refused at /home/codeoperativeco/prestaoperative/classes/db/DbPDO.php line 136) {"exception":"[object] (PrestaShopException(code: 0): Link to database cannot be established: SQLSTATE[HY000] [2002] Connection refused at /home/codeoperativeco/prestaoperative/classes/db/DbPDO.php:136)"} []
[2021-04-03 11:32:51] request.CRITICAL: Exception thrown when handling an exception (PrestaShopException: Link to database cannot be established: SQLSTATE[HY000] [2002] Connection refused at /home/codeoperativeco/prestaoperative/classes/db/DbPDO.php line 136) {"exception":"[object] (PrestaShopException(code: 0): Link to database cannot be established: SQLSTATE[HY000] [2002] Connection refused at /home/codeoperativeco/prestaoperative/classes/db/DbPDO.php:136)"} []
[2021-04-03 11:32:52] request.CRITICAL: Exception thrown when handling an exception (PrestaShopException: Link to database cannot be established: SQLSTATE[HY000] [2002] Connection refused at /home/codeoperativeco/prestaoperative/classes/db/DbPDO.php line 136) {"exception":"[object] (PrestaShopException(code: 0): Link to database cannot be established: SQLSTATE[HY000] [2002] Connection refused at /home/codeoperativeco/prestaoperative/classes/db/DbPDO.php:136)"} []
[2021-04-12 16:01:55] request.INFO: Matched route "admin_common_notifications". {"route":"admin_common_notifications","route_parameters":{"_controller":"PrestaShopBundle\\Controller\\Admin\\CommonController::notificationsAction","_legacy_controller":"AdminCommon","_legacy_link":"AdminCommon","_route":"admin_common_notifications"},"request_uri":"https://reusenetwork.code-operative.co.uk/admin4047wicsx/index.php/common/notifications?_token=gxZRBDHib-mEOljHswSODz8P5DkWiVi0i9WVjI7AVkA&rand=1618239714548","method":"POST"} []
[2021-04-12 16:01:55] security.INFO: Populated the TokenStorage with an anonymous Token. [] []
[2021-04-12 16:02:47] request.CRITICAL: Uncaught PHP Exception PrestaShopException: "Link to database cannot be established: SQLSTATE[HY000] [2002] Connection refused" at /home/codeoperativeco/prestaoperative/classes/db/DbPDO.php line 136 {"exception":"[object] (PrestaShopException(code: 0): Link to database cannot be established: SQLSTATE[HY000] [2002] Connection refused at /home/codeoperativeco/prestaoperative/classes/db/DbPDO.php:136)"} []
[2021-04-12 16:02:47] security.DEBUG: Stored the security token in the session. {"key":"_security_main"} []
[2021-04-14 10:26:45] request.CRITICAL: Uncaught PHP Exception PrestaShopException: "Link to database cannot be established: SQLSTATE[HY000] [2002] Connection refused" at /home/codeoperativeco/prestaoperative/classes/db/DbPDO.php line 136 {"exception":"[object] (PrestaShopException(code: 0): Link to database cannot be established: SQLSTATE[HY000] [2002] Connection refused at /home/codeoperativeco/prestaoperative/classes/db/DbPDO.php:136)"} []
[2021-04-14 10:26:45] request.CRITICAL: Uncaught PHP Exception PrestaShopException: "Link to database cannot be established: SQLSTATE[HY000] [2002] Connection refused" at /home/codeoperativeco/prestaoperative/classes/db/DbPDO.php line 136 {"exception":"[object] (PrestaShopException(code: 0): Link to database cannot be established: SQLSTATE[HY000] [2002] Connection refused at /home/codeoperativeco/prestaoperative/classes/db/DbPDO.php:136)"} []
[2021-04-14 10:26:45] request.CRITICAL: Uncaught PHP Exception PrestaShopException: "Link to database cannot be established: SQLSTATE[HY000] [2002] Connection refused" at /home/codeoperativeco/prestaoperative/classes/db/DbPDO.php line 136 {"exception":"[object] (PrestaShopException(code: 0): Link to database cannot be established: SQLSTATE[HY000] [2002] Connection refused at /home/codeoperativeco/prestaoperative/classes/db/DbPDO.php:136)"} []
[2021-04-14 10:26:45] request.CRITICAL: Uncaught PHP Exception PrestaShopException: "Link to database cannot be established: SQLSTATE[HY000] [2002] Connection refused" at /home/codeoperativeco/prestaoperative/classes/db/DbPDO.php line 136 {"exception":"[object] (PrestaShopException(code: 0): Link to database cannot be established: SQLSTATE[HY000] [2002] Connection refused at /home/codeoperativeco/prestaoperative/classes/db/DbPDO.php:136)"} []
[2021-04-14 10:26:45] request.CRITICAL: Uncaught PHP Exception PrestaShopException: "Link to database cannot be established: SQLSTATE[HY000] [2002] Connection refused" at /home/codeoperativeco/prestaoperative/classes/db/DbPDO.php line 136 {"exception":"[object] (PrestaShopException(code: 0): Link to database cannot be established: SQLSTATE[HY000] [2002] Connection refused at /home/codeoperativeco/prestaoperative/classes/db/DbPDO.php:136)"} []
[2021-04-14 10:26:45] request.CRITICAL: Uncaught PHP Exception PrestaShopException: "Link to database cannot be established: SQLSTATE[HY000] [2002] Connection refused" at /home/codeoperativeco/prestaoperative/classes/db/DbPDO.php line 136 {"exception":"[object] (PrestaShopException(code: 0): Link to database cannot be established: SQLSTATE[HY000] [2002] Connection refused at /home/codeoperativeco/prestaoperative/classes/db/DbPDO.php:136)"} []
[2021-04-14 10:26:45] request.CRITICAL: Uncaught PHP Exception PrestaShopException: "Link to database cannot be established: SQLSTATE[HY000] [2002] Connection refused" at /home/codeoperativeco/prestaoperative/classes/db/DbPDO.php line 136 {"exception":"[object] (PrestaShopException(code: 0): Link to database cannot be established: SQLSTATE[HY000] [2002] Connection refused at /home/codeoperativeco/prestaoperative/classes/db/DbPDO.php:136)"} []
[2021-04-14 10:26:45] request.CRITICAL: Uncaught PHP Exception PrestaShopException: "Link to database cannot be established: SQLSTATE[HY000] [2002] Connection refused" at /home/codeoperativeco/prestaoperative/classes/db/DbPDO.php line 136 {"exception":"[object] (PrestaShopException(code: 0): Link to database cannot be established: SQLSTATE[HY000] [2002] Connection refused at /home/codeoperativeco/prestaoperative/classes/db/DbPDO.php:136)"} []
[2021-04-14 10:26:45] request.CRITICAL: Exception thrown when handling an exception (PrestaShopException: Link to database cannot be established: SQLSTATE[HY000] [2002] Connection refused at /home/codeoperativeco/prestaoperative/classes/db/DbPDO.php line 136) {"exception":"[object] (PrestaShopException(code: 0): Link to database cannot be established: SQLSTATE[HY000] [2002] Connection refused at /home/codeoperativeco/prestaoperative/classes/db/DbPDO.php:136)"} []
[2021-04-14 10:26:45] request.CRITICAL: Exception thrown when handling an exception (PrestaShopException: Link to database cannot be established: SQLSTATE[HY000] [2002] Connection refused at /home/codeoperativeco/prestaoperative/classes/db/DbPDO.php line 136) {"exception":"[object] (PrestaShopException(code: 0): Link to database cannot be established: SQLSTATE[HY000] [2002] Connection refused at /home/codeoperativeco/prestaoperative/classes/db/DbPDO.php:136)"} []
[2021-04-14 10:26:45] request.CRITICAL: Exception thrown when handling an exception (PrestaShopException: Link to database cannot be established: SQLSTATE[HY000] [2002] Connection refused at /home/codeoperativeco/prestaoperative/classes/db/DbPDO.php line 136) {"exception":"[object] (PrestaShopException(code: 0): Link to database cannot be established: SQLSTATE[HY000] [2002] Connection refused at /home/codeoperativeco/prestaoperative/classes/db/DbPDO.php:136)"} []
[2021-04-14 10:26:45] request.CRITICAL: Exception thrown when handling an exception (PrestaShopException: Link to database cannot be established: SQLSTATE[HY000] [2002] Connection refused at /home/codeoperativeco/prestaoperative/classes/db/DbPDO.php line 136) {"exception":"[object] (PrestaShopException(code: 0): Link to database cannot be established: SQLSTATE[HY000] [2002] Connection refused at /home/codeoperativeco/prestaoperative/classes/db/DbPDO.php:136)"} []
[2021-04-14 10:26:45] request.CRITICAL: Exception thrown when handling an exception (PrestaShopException: Link to database cannot be established: SQLSTATE[HY000] [2002] Connection refused at /home/codeoperativeco/prestaoperative/classes/db/DbPDO.php line 136) {"exception":"[object] (PrestaShopException(code: 0): Link to database cannot be established: SQLSTATE[HY000] [2002] Connection refused at /home/codeoperativeco/prestaoperative/classes/db/DbPDO.php:136)"} []
[2021-04-14 10:26:45] request.CRITICAL: Exception thrown when handling an exception (PrestaShopException: Link to database cannot be established: SQLSTATE[HY000] [2002] Connection refused at /home/codeoperativeco/prestaoperative/classes/db/DbPDO.php line 136) {"exception":"[object] (PrestaShopException(code: 0): Link to database cannot be established: SQLSTATE[HY000] [2002] Connection refused at /home/codeoperativeco/prestaoperative/classes/db/DbPDO.php:136)"} []
[2021-04-14 10:26:45] request.CRITICAL: Exception thrown when handling an exception (PrestaShopException: Link to database cannot be established: SQLSTATE[HY000] [2002] Connection refused at /home/codeoperativeco/prestaoperative/classes/db/DbPDO.php line 136) {"exception":"[object] (PrestaShopException(code: 0): Link to database cannot be established: SQLSTATE[HY000] [2002] Connection refused at /home/codeoperativeco/prestaoperative/classes/db/DbPDO.php:136)"} []
[2021-04-14 10:26:45] request.CRITICAL: Exception thrown when handling an exception (PrestaShopException: Link to database cannot be established: SQLSTATE[HY000] [2002] Connection refused at /home/codeoperativeco/prestaoperative/classes/db/DbPDO.php line 136) {"exception":"[object] (PrestaShopException(code: 0): Link to database cannot be established: SQLSTATE[HY000] [2002] Connection refused at /home/codeoperativeco/prestaoperative/classes/db/DbPDO.php:136)"} []
[2021-04-28 15:07:18] request.INFO: Matched route "admin_employees_index". {"route":"admin_employees_index","route_parameters":{"_controller":"PrestaShopBundle\\Controller\\Admin\\Configure\\AdvancedParameters\\EmployeeController::indexAction","_legacy_controller":"AdminEmployees","_legacy_link":"AdminEmployees","_route":"admin_employees_index"},"request_uri":"https://reuse-home.org.uk/admin4047wicsx/index.php/configure/advanced/employees/?_token=v_461ptOVXbmFEyzbXXZrO2ml8SkEuoH1tN1VPOIIMk","method":"GET"} []
[2021-04-28 15:07:18] security.DEBUG: Read existing security token from the session. {"key":"_security_main","token_class":"Symfony\\Component\\Security\\Core\\Authentication\\Token\\UsernamePasswordToken"} []
[2021-04-28 15:07:18] security.DEBUG: User was reloaded from a user provider. {"provider":"PrestaShopBundle\\Security\\Admin\\EmployeeProvider","username":"contact@code-operative.co.uk"} []
[2021-04-28 15:07:22] request.CRITICAL: Uncaught PHP Exception Doctrine\DBAL\Exception\DriverException: "An exception occurred while executing 'SELECT e.*, pl.name as profile_name FROM psrn_employee e LEFT JOIN psrn_profile_lang pl ON e.id_profile = pl.id_profile AND pl.id_lang = 2 WHERE EXISTS (SELECT 1 FROM psrn_employee_shop es WHERE (e.id_employee = es.id_employee) AND (es.id_shop IN (?))) ORDER BY id_employee asc LIMIT 50' with params [1]:  SQLSTATE[HY000]: General error: 2006 MySQL server has gone away" at /home/codeoperativeco/public_html/vendor/doctrine/dbal/lib/Doctrine/DBAL/Driver/AbstractMySQLDriver.php line 106 {"exception":"[object] (Doctrine\\DBAL\\Exception\\DriverException(code: 0): An exception occurred while executing 'SELECT e.*, pl.name as profile_name FROM psrn_employee e LEFT JOIN psrn_profile_lang pl ON e.id_profile = pl.id_profile AND pl.id_lang = 2 WHERE EXISTS (SELECT 1 FROM psrn_employee_shop es WHERE (e.id_employee = es.id_employee) AND (es.id_shop IN (?))) ORDER BY id_employee asc LIMIT 50' with params [1]:\n\nSQLSTATE[HY000]: General error: 2006 MySQL server has gone away at /home/codeoperativeco/public_html/vendor/doctrine/dbal/lib/Doctrine/DBAL/Driver/AbstractMySQLDriver.php:106, Doctrine\\DBAL\\Driver\\PDOException(code: HY000): SQLSTATE[HY000]: General error: 2006 MySQL server has gone away at /home/codeoperativeco/public_html/vendor/doctrine/dbal/lib/Doctrine/DBAL/Driver/PDOStatement.php:119, PDOException(code: HY000): SQLSTATE[HY000]: General error: 2006 MySQL server has gone away at /home/codeoperativeco/public_html/vendor/doctrine/dbal/lib/Doctrine/DBAL/Driver/PDOStatement.php:117)"} []
[2021-04-28 15:07:22] security.DEBUG: Stored the security token in the session. {"key":"_security_main"} []
[2021-05-28 10:50:36] request.ERROR: Uncaught PHP Exception Symfony\Component\HttpKernel\Exception\MethodNotAllowedHttpException: "No route found for "GET /configure/advanced/emails/options": Method Not Allowed (Allow: POST)" at /home/codeoperativeco/public_html/vendor/symfony/symfony/src/Symfony/Component/HttpKernel/EventListener/RouterListener.php line 141 {"exception":"[object] (Symfony\\Component\\HttpKernel\\Exception\\MethodNotAllowedHttpException(code: 0): No route found for \"GET /configure/advanced/emails/options\": Method Not Allowed (Allow: POST) at /home/codeoperativeco/public_html/vendor/symfony/symfony/src/Symfony/Component/HttpKernel/EventListener/RouterListener.php:141, Symfony\\Component\\Routing\\Exception\\MethodNotAllowedException(code: 0):  at /home/codeoperativeco/public_html/var/cache/prod/appProdProjectContainerUrlMatcher.php:6526)"} []
[2021-05-28 10:50:41] request.ERROR: Uncaught PHP Exception Symfony\Component\HttpKernel\Exception\MethodNotAllowedHttpException: "No route found for "GET /configure/advanced/emails/options": Method Not Allowed (Allow: POST)" at /home/codeoperativeco/public_html/vendor/symfony/symfony/src/Symfony/Component/HttpKernel/EventListener/RouterListener.php line 141 {"exception":"[object] (Symfony\\Component\\HttpKernel\\Exception\\MethodNotAllowedHttpException(code: 0): No route found for \"GET /configure/advanced/emails/options\": Method Not Allowed (Allow: POST) at /home/codeoperativeco/public_html/vendor/symfony/symfony/src/Symfony/Component/HttpKernel/EventListener/RouterListener.php:141, Symfony\\Component\\Routing\\Exception\\MethodNotAllowedException(code: 0):  at /home/codeoperativeco/public_html/var/cache/prod/appProdProjectContainerUrlMatcher.php:6526)"} []
[2021-06-16 17:53:10] request.INFO: Matched route "admin_module_manage". {"route":"admin_module_manage","route_parameters":{"category":null,"keyword":null,"_controller":"PrestaShopBundle\\Controller\\Admin\\Improve\\ModuleController::manageAction","_legacy_controller":"AdminModulesManage","_legacy_link":["AdminModulesManage","AdminModulesSf"],"_route":"admin_module_manage"},"request_uri":"https://reuse-home.org.uk/admin4047wicsx/index.php/improve/modules/manage?_token=d1tNywaqWIXp9VY-ya9klOvyvByfJr2RNEZcq1s4jH0","method":"GET"} []
[2021-06-16 17:53:10] security.DEBUG: Read existing security token from the session. {"key":"_security_main","token_class":"Symfony\\Component\\Security\\Core\\Authentication\\Token\\UsernamePasswordToken"} []
[2021-06-16 17:53:10] security.DEBUG: User was reloaded from a user provider. {"provider":"PrestaShopBundle\\Security\\Admin\\EmployeeProvider","username":"info@reuse-home.org.uk"} []
[2021-06-16 17:53:11] app.ERROR: Data from PrestaShop Addons is invalid, and cannot fallback on cache.  {"exception":"Client error response [url] https://api-addons.prestashop.com?format=json&iso_lang=en&iso_code=GB&version=1.7.7.1&shop_url=http%3A%2F%2Freuse-home.org.uk&method=listing&action=customer&username=info%40reuse-home.org.uk&password=D%21W8ChNaU2%244 [status code] 400 [reason phrase] Bad Request"} []
[2021-06-16 17:53:12] security.DEBUG: Stored the security token in the session. {"key":"_security_main"} []
[2021-06-16 17:53:13] request.INFO: Matched route "admin_module_notification_count". {"route":"admin_module_notification_count","route_parameters":{"_controller":"PrestaShopBundle\\Controller\\Admin\\Improve\\Modules\\AlertsController::notificationsCountAction","_legacy_controller":"AdminModulesNotifications","_legacy_link":"AdminModulesNotifications:count","_route":"admin_module_notification_count"},"request_uri":"https://reuse-home.org.uk/admin4047wicsx/index.php/improve/modules/alerts/count?_token=d1tNywaqWIXp9VY-ya9klOvyvByfJr2RNEZcq1s4jH0","method":"GET"} []
[2021-06-16 17:53:13] security.DEBUG: Read existing security token from the session. {"key":"_security_main","token_class":"Symfony\\Component\\Security\\Core\\Authentication\\Token\\UsernamePasswordToken"} []
[2021-06-16 17:53:13] security.DEBUG: User was reloaded from a user provider. {"provider":"PrestaShopBundle\\Security\\Admin\\EmployeeProvider","username":"info@reuse-home.org.uk"} []
[2021-06-16 17:53:13] app.ERROR: Data from PrestaShop Addons is invalid, and cannot fallback on cache.  {"exception":"Client error response [url] https://api-addons.prestashop.com?format=json&iso_lang=en&iso_code=GB&version=1.7.7.1&shop_url=http%3A%2F%2Freuse-home.org.uk&method=listing&action=customer&username=info%40reuse-home.org.uk&password=D%21W8ChNaU2%244 [status code] 400 [reason phrase] Bad Request"} []
[2021-06-16 17:53:13] security.DEBUG: Stored the security token in the session. {"key":"_security_main"} []
